#! /usr/local/iverilog/bin/vvp
:ivl_version "11.0 (devel)" "(s20150603-642-g3bdb50da)";
:ivl_delay_selection "TYPICAL";
:vpi_time_precision - 12;
:vpi_module "system";
:vpi_module "vhdl_sys";
:vpi_module "vhdl_textio";
:vpi_module "v2005_math";
:vpi_module "va_math";
S_0000000001092e30 .scope module, "clock" "clock" 2 3;
 .timescale -9 -12;
    .port_info 0 /INPUT 1 "clk";
    .port_info 1 /INPUT 1 "reset_n";
    .port_info 2 /INPUT 1 "io0_down";
    .port_info 3 /INPUT 1 "io1_up";
    .port_info 4 /INPUT 1 "io2_setHour";
    .port_info 5 /INPUT 1 "io3_setMinute";
    .port_info 6 /INPUT 1 "io4_military";
    .port_info 7 /INPUT 1 "io5_stopwatch_enable";
    .port_info 8 /INPUT 1 "io6_stopwatch_run";
    .port_info 9 /INPUT 1 "io7_stopwatch_zero";
    .port_info 10 /OUTPUT 1 "ad0_L1";
    .port_info 11 /OUTPUT 1 "ad1_L2";
    .port_info 12 /OUTPUT 1 "ad2_L3";
    .port_info 13 /OUTPUT 1 "ad3_L4";
    .port_info 14 /OUTPUT 1 "io8_a";
    .port_info 15 /OUTPUT 1 "io9_b";
    .port_info 16 /OUTPUT 1 "io10_c";
    .port_info 17 /OUTPUT 1 "io11_d";
    .port_info 18 /OUTPUT 1 "io12_e";
    .port_info 19 /OUTPUT 1 "io13_f";
    .port_info 20 /OUTPUT 1 "ad4_g";
    .port_info 21 /OUTPUT 1 "ad5_dp";
L_00000000010d2e50 .functor BUFZ 1, v0000000001131800_0, C4<0>, C4<0>, C4<0>;
v00000000010b6e60_0 .net *"_s0", 31 0, L_00000000011319e0;  1 drivers
L_0000000001133c50 .functor BUFT 1, C4<00>, C4<0>, C4<0>, C4<0>;
v00000000010b7a40_0 .net/2s *"_s10", 1 0, L_0000000001133c50;  1 drivers
v00000000010b75e0_0 .net *"_s12", 1 0, L_0000000001131e40;  1 drivers
v00000000010b7ae0_0 .net *"_s22", 3 0, v0000000001131c60_0;  1 drivers
L_0000000001133b78 .functor BUFT 1, C4<000000000000000000000000000>, C4<0>, C4<0>, C4<0>;
v00000000010b7b80_0 .net *"_s3", 26 0, L_0000000001133b78;  1 drivers
v00000000010b7360_0 .net *"_s32", 6 0, v0000000001131b20_0;  1 drivers
L_0000000001133bc0 .functor BUFT 1, C4<00000000000000000000000000001100>, C4<0>, C4<0>, C4<0>;
v00000000010b7cc0_0 .net/2u *"_s4", 31 0, L_0000000001133bc0;  1 drivers
v00000000011313a0_0 .net *"_s6", 0 0, L_0000000001131a80;  1 drivers
L_0000000001133c08 .functor BUFT 1, C4<01>, C4<0>, C4<0>, C4<0>;
v0000000001131120_0 .net/2s *"_s8", 1 0, L_0000000001133c08;  1 drivers
v0000000001132b60_0 .net "ad0_L1", 0 0, L_0000000001132160;  1 drivers
v0000000001131f80_0 .net "ad1_L2", 0 0, L_0000000001132200;  1 drivers
v0000000001132520_0 .net "ad2_L3", 0 0, L_0000000001132340;  1 drivers
v0000000001131080_0 .net "ad3_L4", 0 0, L_00000000011323e0;  1 drivers
v0000000001131d00_0 .net "ad4_g", 0 0, L_000000000117c530;  1 drivers
v00000000011311c0_0 .net "ad5_dp", 0 0, L_00000000010d2e50;  1 drivers
v00000000011327a0_0 .net "am_pm", 0 0, L_0000000001131ee0;  1 drivers
o00000000010e02d8 .functor BUFZ 1, C4<z>; HiZ drive
v0000000001131260_0 .net "clk", 0 0, o00000000010e02d8;  0 drivers
v0000000001131800_0 .var "dp", 0 0;
v0000000001132700_0 .var "hour", 4 0;
v00000000011328e0_0 .var "hour1", 3 0;
v0000000001131940_0 .var "hour2", 3 0;
o00000000010e03c8 .functor BUFZ 1, C4<z>; HiZ drive
v00000000011318a0_0 .net "io0_down", 0 0, o00000000010e03c8;  0 drivers
v0000000001132d40_0 .net "io10_c", 0 0, L_000000000117d750;  1 drivers
v00000000011325c0_0 .net "io11_d", 0 0, L_000000000117c5d0;  1 drivers
v0000000001132020_0 .net "io12_e", 0 0, L_000000000117cdf0;  1 drivers
v0000000001132c00_0 .net "io13_f", 0 0, L_000000000117d110;  1 drivers
o00000000010e04b8 .functor BUFZ 1, C4<z>; HiZ drive
v0000000001131440_0 .net "io1_up", 0 0, o00000000010e04b8;  0 drivers
o00000000010e04e8 .functor BUFZ 1, C4<z>; HiZ drive
v00000000011314e0_0 .net "io2_setHour", 0 0, o00000000010e04e8;  0 drivers
o00000000010e0518 .functor BUFZ 1, C4<z>; HiZ drive
v0000000001131300_0 .net "io3_setMinute", 0 0, o00000000010e0518;  0 drivers
o00000000010e0548 .functor BUFZ 1, C4<z>; HiZ drive
v0000000001132840_0 .net "io4_military", 0 0, o00000000010e0548;  0 drivers
o00000000010e0578 .functor BUFZ 1, C4<z>; HiZ drive
v0000000001131bc0_0 .net "io5_stopwatch_enable", 0 0, o00000000010e0578;  0 drivers
o00000000010e05a8 .functor BUFZ 1, C4<z>; HiZ drive
v00000000011320c0_0 .net "io6_stopwatch_run", 0 0, o00000000010e05a8;  0 drivers
o00000000010e05d8 .functor BUFZ 1, C4<z>; HiZ drive
v00000000011322a0_0 .net "io7_stopwatch_zero", 0 0, o00000000010e05d8;  0 drivers
o00000000010e0608 .functor BUFZ 1, C4<z>; HiZ drive
v0000000001132de0_0 .net "io8_a", 0 0, o00000000010e0608;  0 drivers
RS_00000000010e0638 .resolv tri, L_000000000117d6b0, L_000000000117d070;
v0000000001131580_0 .net8 "io9_b", 0 0, RS_00000000010e0638;  2 drivers
v0000000001131c60_0 .var "led_enable", 3 0;
v0000000001132e80_0 .var "minute", 5 0;
v0000000001131620_0 .var "minute1", 3 0;
v0000000001132f20_0 .var "minute2", 3 0;
o00000000010e0728 .functor BUFZ 1, C4<z>; HiZ drive
v0000000001132660_0 .net "reset_n", 0 0, o00000000010e0728;  0 drivers
v0000000001132980_0 .var "sec_count", 27 0;
v00000000011316c0_0 .var "second", 5 0;
v0000000001131b20_0 .var "segments", 6 0;
v0000000001132a20_0 .var "sw_minute", 6 0;
v0000000001132ac0_0 .var "sw_minute1", 3 0;
v0000000001132480_0 .var "sw_minute2", 3 0;
v0000000001131760_0 .var "sw_second", 5 0;
v0000000001132ca0_0 .var "sw_second1", 3 0;
v0000000001131da0_0 .var "sw_second2", 3 0;
E_00000000010bda60 .event posedge, v0000000001131260_0;
E_00000000010be6a0 .event edge, v0000000001132840_0, v0000000001132700_0, v0000000001132e80_0;
L_00000000011319e0 .concat [ 5 27 0 0], v0000000001132700_0, L_0000000001133b78;
L_0000000001131a80 .cmp/ge 32, L_00000000011319e0, L_0000000001133bc0;
L_0000000001131e40 .functor MUXZ 2, L_0000000001133c50, L_0000000001133c08, L_0000000001131a80, C4<>;
L_0000000001131ee0 .part L_0000000001131e40, 0, 1;
L_0000000001132160 .part v0000000001131c60_0, 3, 1;
L_0000000001132200 .part v0000000001131c60_0, 2, 1;
L_0000000001132340 .part v0000000001131c60_0, 1, 1;
L_00000000011323e0 .part v0000000001131c60_0, 0, 1;
L_000000000117d6b0 .part v0000000001131b20_0, 6, 1;
L_000000000117d070 .part v0000000001131b20_0, 5, 1;
L_000000000117d750 .part v0000000001131b20_0, 4, 1;
L_000000000117c5d0 .part v0000000001131b20_0, 3, 1;
L_000000000117cdf0 .part v0000000001131b20_0, 2, 1;
L_000000000117d110 .part v0000000001131b20_0, 1, 1;
L_000000000117c530 .part v0000000001131b20_0, 0, 1;
    .scope S_0000000001092e30;
T_0 ;
    %wait E_00000000010bda60;
    %load/vec4 v0000000001132660_0;
    %nor/r;
    %flag_set/vec4 8;
    %jmp/0xz  T_0.0, 8;
    %pushi/vec4 0, 0, 28;
    %assign/vec4 v0000000001132980_0, 0;
    %pushi/vec4 0, 0, 6;
    %assign/vec4 v00000000011316c0_0, 0;
    %pushi/vec4 0, 0, 5;
    %assign/vec4 v0000000001132700_0, 0;
    %pushi/vec4 0, 0, 6;
    %assign/vec4 v0000000001132e80_0, 0;
    %jmp T_0.1;
T_0.0 ;
    %load/vec4 v0000000001132980_0;
    %addi 1, 0, 28;
    %assign/vec4 v0000000001132980_0, 0;
    %load/vec4 v0000000001132980_0;
    %pad/u 32;
    %cmpi/u 99999999, 0, 32;
    %flag_inv 5; GE is !LT
    %jmp/0xz  T_0.2, 5;
    %load/vec4 v00000000011316c0_0;
    %addi 1, 0, 6;
    %assign/vec4 v00000000011316c0_0, 0;
    %pushi/vec4 0, 0, 28;
    %assign/vec4 v0000000001132980_0, 0;
T_0.2 ;
    %load/vec4 v00000000011316c0_0;
    %pad/u 32;
    %cmpi/u 60, 0, 32;
    %flag_inv 5; GE is !LT
    %jmp/0xz  T_0.4, 5;
    %pushi/vec4 0, 0, 6;
    %assign/vec4 v00000000011316c0_0, 0;
    %load/vec4 v0000000001132e80_0;
    %addi 1, 0, 6;
    %assign/vec4 v0000000001132e80_0, 0;
T_0.4 ;
    %load/vec4 v0000000001132e80_0;
    %pad/u 32;
    %cmpi/u 60, 0, 32;
    %flag_inv 5; GE is !LT
    %jmp/0xz  T_0.6, 5;
    %pushi/vec4 0, 0, 6;
    %assign/vec4 v0000000001132e80_0, 0;
    %load/vec4 v0000000001132700_0;
    %addi 1, 0, 5;
    %assign/vec4 v0000000001132700_0, 0;
T_0.6 ;
    %load/vec4 v0000000001132700_0;
    %pad/u 32;
    %cmpi/u 24, 0, 32;
    %flag_inv 5; GE is !LT
    %jmp/0xz  T_0.8, 5;
    %pushi/vec4 0, 0, 5;
    %assign/vec4 v0000000001132700_0, 0;
T_0.8 ;
T_0.1 ;
    %load/vec4 v00000000011314e0_0;
    %load/vec4 v0000000001132980_0;
    %pad/u 32;
    %pushi/vec4 99999999, 0, 32;
    %cmp/e;
    %flag_get/vec4 4;
    %and;
    %flag_set/vec4 8;
    %jmp/0xz  T_0.10, 8;
    %load/vec4 v00000000011318a0_0;
    %flag_set/vec4 8;
    %jmp/0xz  T_0.12, 8;
    %load/vec4 v0000000001132700_0;
    %pad/u 32;
    %cmpi/u 0, 0, 32;
    %flag_or 5, 4;
    %jmp/0xz  T_0.14, 5;
    %pushi/vec4 0, 0, 5;
    %assign/vec4 v0000000001132700_0, 0;
    %jmp T_0.15;
T_0.14 ;
    %load/vec4 v0000000001132700_0;
    %subi 1, 0, 5;
    %assign/vec4 v0000000001132700_0, 0;
T_0.15 ;
    %jmp T_0.13;
T_0.12 ;
    %load/vec4 v0000000001131440_0;
    %flag_set/vec4 8;
    %jmp/0xz  T_0.16, 8;
    %load/vec4 v0000000001132e80_0;
    %addi 1, 0, 6;
    %assign/vec4 v0000000001132e80_0, 0;
T_0.16 ;
T_0.13 ;
T_0.10 ;
    %jmp T_0;
    .thread T_0;
    .scope S_0000000001092e30;
T_1 ;
    %wait E_00000000010be6a0;
    %load/vec4 v0000000001132840_0;
    %flag_set/vec4 8;
    %jmp/0xz  T_1.0, 8;
    %load/vec4 v0000000001132700_0;
    %pad/u 32;
    %cmpi/u 10, 0, 32;
    %jmp/0xz  T_1.2, 5;
    %pushi/vec4 0, 0, 4;
    %assign/vec4 v00000000011328e0_0, 0;
    %load/vec4 v0000000001132700_0;
    %pad/u 4;
    %assign/vec4 v0000000001131940_0, 0;
    %jmp T_1.3;
T_1.2 ;
    %load/vec4 v0000000001132700_0;
    %pad/u 32;
    %pushi/vec4 10, 0, 32;
    %div;
    %pad/u 4;
    %assign/vec4 v00000000011328e0_0, 0;
    %load/vec4 v0000000001132700_0;
    %pad/u 32;
    %pushi/vec4 10, 0, 32;
    %mod;
    %pad/u 4;
    %assign/vec4 v0000000001131940_0, 0;
T_1.3 ;
    %jmp T_1.1;
T_1.0 ;
    %load/vec4 v0000000001132700_0;
    %pad/u 32;
    %cmpi/u 10, 0, 32;
    %jmp/0xz  T_1.4, 5;
    %pushi/vec4 0, 0, 4;
    %assign/vec4 v00000000011328e0_0, 0;
    %load/vec4 v0000000001132700_0;
    %pad/u 4;
    %assign/vec4 v0000000001131940_0, 0;
    %jmp T_1.5;
T_1.4 ;
    %pushi/vec4 10, 0, 32;
    %load/vec4 v0000000001132700_0;
    %pad/u 32;
    %cmp/u;
    %flag_get/vec4 4;
    %flag_get/vec4 5;
    %or;
    %load/vec4 v0000000001132700_0;
    %pad/u 32;
    %cmpi/u 12, 0, 32;
    %flag_get/vec4 4;
    %flag_get/vec4 5;
    %or;
    %and;
    %flag_set/vec4 8;
    %jmp/0xz  T_1.6, 8;
    %pushi/vec4 1, 0, 4;
    %assign/vec4 v00000000011328e0_0, 0;
    %load/vec4 v0000000001132700_0;
    %pad/u 32;
    %pushi/vec4 10, 0, 32;
    %mod;
    %pad/u 4;
    %assign/vec4 v0000000001131940_0, 0;
    %jmp T_1.7;
T_1.6 ;
    %pushi/vec4 12, 0, 32;
    %load/vec4 v0000000001132700_0;
    %pad/u 32;
    %cmp/u;
    %flag_get/vec4 5;
    %load/vec4 v0000000001132700_0;
    %pad/u 32;
    %cmpi/u 22, 0, 32;
    %flag_get/vec4 5;
    %and;
    %flag_set/vec4 8;
    %jmp/0xz  T_1.8, 8;
    %pushi/vec4 0, 0, 4;
    %assign/vec4 v00000000011328e0_0, 0;
    %load/vec4 v0000000001132700_0;
    %subi 12, 0, 5;
    %pad/u 4;
    %assign/vec4 v0000000001131940_0, 0;
    %jmp T_1.9;
T_1.8 ;
    %pushi/vec4 1, 0, 4;
    %assign/vec4 v00000000011328e0_0, 0;
    %load/vec4 v0000000001132700_0;
    %pad/u 32;
    %subi 12, 0, 32;
    %pushi/vec4 10, 0, 32;
    %mod;
    %pad/u 4;
    %assign/vec4 v0000000001131940_0, 0;
T_1.9 ;
T_1.7 ;
T_1.5 ;
T_1.1 ;
    %load/vec4 v0000000001132e80_0;
    %pad/u 32;
    %cmpi/u 10, 0, 32;
    %jmp/0xz  T_1.10, 5;
    %pushi/vec4 0, 0, 4;
    %assign/vec4 v0000000001131620_0, 0;
    %load/vec4 v0000000001132e80_0;
    %pad/u 4;
    %assign/vec4 v0000000001132f20_0, 0;
    %jmp T_1.11;
T_1.10 ;
    %load/vec4 v0000000001132e80_0;
    %pad/u 32;
    %pushi/vec4 10, 0, 32;
    %div;
    %pad/u 4;
    %assign/vec4 v0000000001131620_0, 0;
    %load/vec4 v0000000001132e80_0;
    %pad/u 32;
    %pushi/vec4 10, 0, 32;
    %mod;
    %pad/u 4;
    %assign/vec4 v0000000001132f20_0, 0;
T_1.11 ;
    %jmp T_1;
    .thread T_1, $push;
    .scope S_0000000001092e30;
T_2 ;
    %wait E_00000000010bda60;
    %load/vec4 v0000000001131bc0_0;
    %flag_set/vec4 8;
    %jmp/0xz  T_2.0, 8;
    %load/vec4 v00000000011322a0_0;
    %flag_set/vec4 8;
    %jmp/0xz  T_2.2, 8;
    %pushi/vec4 0, 0, 7;
    %assign/vec4 v0000000001132a20_0, 0;
    %pushi/vec4 0, 0, 6;
    %assign/vec4 v0000000001131760_0, 0;
    %jmp T_2.3;
T_2.2 ;
    %load/vec4 v00000000011320c0_0;
    %load/vec4 v0000000001132980_0;
    %pad/u 32;
    %pushi/vec4 99999999, 0, 32;
    %cmp/e;
    %flag_get/vec4 4;
    %and;
    %flag_set/vec4 8;
    %jmp/0xz  T_2.4, 8;
    %load/vec4 v0000000001131760_0;
    %addi 1, 0, 6;
    %assign/vec4 v0000000001131760_0, 0;
T_2.4 ;
T_2.3 ;
    %load/vec4 v0000000001131760_0;
    %pad/u 32;
    %cmpi/u 60, 0, 32;
    %flag_inv 5; GE is !LT
    %jmp/0xz  T_2.6, 5;
    %pushi/vec4 0, 0, 6;
    %assign/vec4 v0000000001131760_0, 0;
    %load/vec4 v0000000001132a20_0;
    %addi 1, 0, 7;
    %assign/vec4 v0000000001132a20_0, 0;
T_2.6 ;
    %load/vec4 v0000000001132a20_0;
    %pad/u 32;
    %cmpi/u 100, 0, 32;
    %flag_inv 5; GE is !LT
    %jmp/0xz  T_2.8, 5;
    %pushi/vec4 0, 0, 7;
    %assign/vec4 v0000000001132a20_0, 0;
T_2.8 ;
    %load/vec4 v0000000001132a20_0;
    %pad/u 32;
    %cmpi/u 10, 0, 32;
    %jmp/0xz  T_2.10, 5;
    %pushi/vec4 0, 0, 4;
    %assign/vec4 v0000000001132ac0_0, 0;
    %load/vec4 v0000000001132a20_0;
    %pad/u 4;
    %assign/vec4 v0000000001132480_0, 0;
    %jmp T_2.11;
T_2.10 ;
    %load/vec4 v0000000001132a20_0;
    %pad/u 32;
    %pushi/vec4 10, 0, 32;
    %div;
    %pad/u 4;
    %assign/vec4 v0000000001132ac0_0, 0;
    %load/vec4 v0000000001132a20_0;
    %pad/u 32;
    %pushi/vec4 10, 0, 32;
    %mod;
    %pad/u 4;
    %assign/vec4 v0000000001132480_0, 0;
T_2.11 ;
    %load/vec4 v0000000001131760_0;
    %pad/u 32;
    %cmpi/u 10, 0, 32;
    %jmp/0xz  T_2.12, 5;
    %pushi/vec4 0, 0, 4;
    %assign/vec4 v0000000001132ca0_0, 0;
    %load/vec4 v0000000001131760_0;
    %pad/u 4;
    %assign/vec4 v0000000001131da0_0, 0;
    %jmp T_2.13;
T_2.12 ;
    %load/vec4 v0000000001131760_0;
    %pad/u 32;
    %pushi/vec4 10, 0, 32;
    %div;
    %pad/u 4;
    %assign/vec4 v0000000001132ca0_0, 0;
    %load/vec4 v0000000001131760_0;
    %pad/u 32;
    %pushi/vec4 10, 0, 32;
    %mod;
    %pad/u 4;
    %assign/vec4 v0000000001131da0_0, 0;
T_2.13 ;
T_2.0 ;
    %jmp T_2;
    .thread T_2;
# The file index is used to find the file name in the following table.
:file_names 3;
    "N/A";
    "<interactive>";
    "clock.v";
